This file contains any messages produced by compilers while
running configure, to aid debugging if configure makes a mistake.

It was created by De-Interleaver configure 1, which was
generated by GNU Autoconf 2.69.  Invocation command line was

  $ ./configure 

## --------- ##
## Platform. ##
## --------- ##

hostname = asus
uname -m = x86_64
uname -r = 4.20.14-200.fc29.x86_64
uname -s = Linux
uname -v = #1 SMP Tue Mar 5 19:55:32 UTC 2019

/usr/bin/uname -p = x86_64
/bin/uname -X     = unknown

/bin/arch              = x86_64
/usr/bin/arch -k       = unknown
/usr/convex/getsysinfo = unknown
/usr/bin/hostinfo      = unknown
/bin/machine           = unknown
/usr/bin/oslevel       = unknown
/bin/universe          = unknown

PATH: /home/hagjan/.local/bin
PATH: /home/hagjan/bin
PATH: /home/hagjan/Scripts
PATH: /home/hagjan/.local/bin
PATH: /home/hagjan/bin
PATH: /home/hagjan/Scripts
PATH: /usr/share/Modules/bin
PATH: /usr/lib64/ccache
PATH: /usr/local/bin
PATH: /usr/local/sbin
PATH: /usr/bin
PATH: /usr/sbin


## ----------- ##
## Core tests. ##
## ----------- ##

configure:1852: checking for a BSD-compatible install
configure:1920: result: /usr/bin/install -c
configure:1931: checking whether build environment is sane
configure:1986: result: yes
configure:2137: checking for a thread-safe mkdir -p
configure:2176: result: /usr/bin/mkdir -p
configure:2183: checking for gawk
configure:2199: found /usr/bin/gawk
configure:2210: result: gawk
configure:2221: checking whether make sets $(MAKE)
configure:2243: result: yes
configure:2272: checking whether make supports nested variables
configure:2289: result: yes
configure:2426: checking whether make supports nested variables
configure:2443: result: yes
configure:2504: checking for gcc
configure:2520: found /usr/lib64/ccache/gcc
configure:2531: result: gcc
configure:2760: checking for C compiler version
configure:2769: gcc --version >&5
gcc (GCC) 8.3.1 20190223 (Red Hat 8.3.1-2)
Copyright (C) 2018 Free Software Foundation, Inc.
This is free software; see the source for copying conditions.  There is NO
warranty; not even for MERCHANTABILITY or FITNESS FOR A PARTICULAR PURPOSE.

configure:2780: $? = 0
configure:2769: gcc -v >&5
Using built-in specs.
COLLECT_GCC=/usr/bin/gcc
COLLECT_LTO_WRAPPER=/usr/libexec/gcc/x86_64-redhat-linux/8/lto-wrapper
OFFLOAD_TARGET_NAMES=nvptx-none
OFFLOAD_TARGET_DEFAULT=1
Target: x86_64-redhat-linux
Configured with: ../configure --enable-bootstrap --enable-languages=c,c++,fortran,objc,obj-c++,ada,go,lto --prefix=/usr --mandir=/usr/share/man --infodir=/usr/share/info --with-bugurl=http://bugzilla.redhat.com/bugzilla --enable-shared --enable-threads=posix --enable-checking=release --enable-multilib --with-system-zlib --enable-__cxa_atexit --disable-libunwind-exceptions --enable-gnu-unique-object --enable-linker-build-id --with-gcc-major-version-only --with-linker-hash-style=gnu --enable-plugin --enable-initfini-array --with-isl --enable-libmpx --enable-offload-targets=nvptx-none --without-cuda-driver --enable-gnu-indirect-function --enable-cet --with-tune=generic --with-arch_32=i686 --build=x86_64-redhat-linux
Thread model: posix
gcc version 8.3.1 20190223 (Red Hat 8.3.1-2) (GCC) 
configure:2780: $? = 0
configure:2769: gcc -V >&5
gcc: error: unrecognized command line option '-V'
gcc: fatal error: no input files
compilation terminated.
configure:2780: $? = 1
configure:2769: gcc -qversion >&5
gcc: error: unrecognized command line option '-qversion'; did you mean '--version'?
gcc: fatal error: no input files
compilation terminated.
configure:2780: $? = 1
configure:2800: checking whether the C compiler works
configure:2822: gcc    conftest.c  >&5
configure:2826: $? = 0
configure:2874: result: yes
configure:2877: checking for C compiler default output file name
configure:2879: result: a.out
configure:2885: checking for suffix of executables
configure:2892: gcc -o conftest    conftest.c  >&5
configure:2896: $? = 0
configure:2918: result: 
configure:2940: checking whether we are cross compiling
configure:2948: gcc -o conftest    conftest.c  >&5
configure:2952: $? = 0
configure:2959: ./conftest
configure:2963: $? = 0
configure:2978: result: no
configure:2983: checking for suffix of object files
configure:3005: gcc -c   conftest.c >&5
configure:3009: $? = 0
configure:3030: result: o
configure:3034: checking whether we are using the GNU C compiler
configure:3053: gcc -c   conftest.c >&5
configure:3053: $? = 0
configure:3062: result: yes
configure:3071: checking whether gcc accepts -g
configure:3091: gcc -c -g  conftest.c >&5
configure:3091: $? = 0
configure:3132: result: yes
configure:3149: checking for gcc option to accept ISO C89
configure:3212: gcc  -c -g -O2  conftest.c >&5
configure:3212: $? = 0
configure:3225: result: none needed
configure:3250: checking whether gcc understands -c and -o together
configure:3272: gcc -c conftest.c -o conftest2.o
configure:3275: $? = 0
configure:3272: gcc -c conftest.c -o conftest2.o
configure:3275: $? = 0
configure:3287: result: yes
configure:3307: checking whether make supports the include directive
configure:3322: make -f confmf.GNU && cat confinc.out
this is the am__doit target
configure:3325: $? = 0
configure:3344: result: yes (GNU style)
configure:3369: checking dependency style of gcc
configure:3480: result: gcc3
configure:3549: checking for pkg-config
configure:3567: found /usr/bin/pkg-config
configure:3579: result: /usr/bin/pkg-config
configure:3604: checking pkg-config is at least version 0.9.0
configure:3607: result: yes
configure:3619: checking for DE_INTERLEAVER
configure:3630: $PKG_CONFIG --exists --print-errors "
	glib-2.0
	gtk+-3.0
	sndfile
"
configure:3637: $? = 0
configure:3659: $PKG_CONFIG --exists --print-errors "
	glib-2.0
	gtk+-3.0
	sndfile
"
configure:3666: $? = 0
configure:3740: result: yes
configure:3893: checking that generated files are newer than configure
configure:3899: result: done
configure:3922: creating ./config.status

## ---------------------- ##
## Running config.status. ##
## ---------------------- ##

This file was extended by De-Interleaver config.status 1, which was
generated by GNU Autoconf 2.69.  Invocation command line was

  CONFIG_FILES    = 
  CONFIG_HEADERS  = 
  CONFIG_LINKS    = 
  CONFIG_COMMANDS = 
  $ ./config.status 

on asus

config.status:782: creating Makefile
config.status:782: creating src/Makefile
config.status:782: creating pixmaps/Makefile
config.status:954: executing depfiles commands
config.status:1031: cd src       && sed -e '/# am--include-marker/d' Makefile         | make -f - am--depfiles
make: Nothing to be done for 'am--depfiles'.
config.status:1036: $? = 0

## ---------------- ##
## Cache variables. ##
## ---------------- ##

ac_cv_c_compiler_gnu=yes
ac_cv_env_CC_set=
ac_cv_env_CC_value=
ac_cv_env_CFLAGS_set=
ac_cv_env_CFLAGS_value=
ac_cv_env_CPPFLAGS_set=
ac_cv_env_CPPFLAGS_value=
ac_cv_env_DE_INTERLEAVER_CFLAGS_set=
ac_cv_env_DE_INTERLEAVER_CFLAGS_value=
ac_cv_env_DE_INTERLEAVER_LIBS_set=
ac_cv_env_DE_INTERLEAVER_LIBS_value=
ac_cv_env_LDFLAGS_set=
ac_cv_env_LDFLAGS_value=
ac_cv_env_LIBS_set=
ac_cv_env_LIBS_value=
ac_cv_env_PKG_CONFIG_LIBDIR_set=
ac_cv_env_PKG_CONFIG_LIBDIR_value=
ac_cv_env_PKG_CONFIG_PATH_set=
ac_cv_env_PKG_CONFIG_PATH_value=
ac_cv_env_PKG_CONFIG_set=
ac_cv_env_PKG_CONFIG_value=
ac_cv_env_build_alias_set=
ac_cv_env_build_alias_value=
ac_cv_env_host_alias_set=
ac_cv_env_host_alias_value=
ac_cv_env_target_alias_set=
ac_cv_env_target_alias_value=
ac_cv_objext=o
ac_cv_path_ac_pt_PKG_CONFIG=/usr/bin/pkg-config
ac_cv_path_install='/usr/bin/install -c'
ac_cv_path_mkdir=/usr/bin/mkdir
ac_cv_prog_AWK=gawk
ac_cv_prog_ac_ct_CC=gcc
ac_cv_prog_cc_c89=
ac_cv_prog_cc_g=yes
ac_cv_prog_make_make_set=yes
am_cv_CC_dependencies_compiler_type=gcc3
am_cv_make_support_nested_variables=yes
am_cv_prog_cc_c_o=yes
pkg_cv_DE_INTERLEAVER_CFLAGS='-I/usr/include/glib-2.0 -I/usr/lib64/glib-2.0/include -I/usr/include/gtk-3.0 -I/usr/include/pango-1.0 -I/usr/include/fribidi -I/usr/include/cairo -I/usr/include/pixman-1 -I/usr/include/freetype2 -I/usr/include/libpng16 -I/usr/include/uuid -I/usr/include/harfbuzz -I/usr/include/gdk-pixbuf-2.0 -I/usr/include/libmount -I/usr/include/blkid -I/usr/include/gio-unix-2.0/ -I/usr/include/libdrm -I/usr/include/atk-1.0 -I/usr/include/at-spi2-atk/2.0 -I/usr/include/at-spi-2.0 -I/usr/include/dbus-1.0 -I/usr/lib64/dbus-1.0/include -pthread '
pkg_cv_DE_INTERLEAVER_LIBS='-lgtk-3 -lgdk-3 -lpangocairo-1.0 -lpango-1.0 -latk-1.0 -lcairo-gobject -lcairo -lgdk_pixbuf-2.0 -lgio-2.0 -lgobject-2.0 -lglib-2.0 -lsndfile '

## ----------------- ##
## Output variables. ##
## ----------------- ##

ACLOCAL='${SHELL} /home/hagjan/Dev/de-interleaver/missing aclocal-1.16'
AMDEPBACKSLASH='\'
AMDEP_FALSE='#'
AMDEP_TRUE=''
AMTAR='$${TAR-tar}'
AM_BACKSLASH='\'
AM_DEFAULT_V='$(AM_DEFAULT_VERBOSITY)'
AM_DEFAULT_VERBOSITY='0'
AM_V='$(V)'
AUTOCONF='${SHELL} /home/hagjan/Dev/de-interleaver/missing autoconf'
AUTOHEADER='${SHELL} /home/hagjan/Dev/de-interleaver/missing autoheader'
AUTOMAKE='${SHELL} /home/hagjan/Dev/de-interleaver/missing automake-1.16'
AWK='gawk'
CC='gcc'
CCDEPMODE='depmode=gcc3'
CFLAGS='-g -O2'
CPPFLAGS=''
CYGPATH_W='echo'
DEFS='-DPACKAGE_NAME=\"De-Interleaver\" -DPACKAGE_TARNAME=\"de-interleaver\" -DPACKAGE_VERSION=\"1\" -DPACKAGE_STRING=\"De-Interleaver\ 1\" -DPACKAGE_BUGREPORT=\"hagjan@protonmail.com\" -DPACKAGE_URL=\"\" -DPACKAGE=\"de-interleaver\" -DVERSION=\"1\"'
DEPDIR='.deps'
DE_INTERLEAVER_CFLAGS='-I/usr/include/glib-2.0 -I/usr/lib64/glib-2.0/include -I/usr/include/gtk-3.0 -I/usr/include/pango-1.0 -I/usr/include/fribidi -I/usr/include/cairo -I/usr/include/pixman-1 -I/usr/include/freetype2 -I/usr/include/libpng16 -I/usr/include/uuid -I/usr/include/harfbuzz -I/usr/include/gdk-pixbuf-2.0 -I/usr/include/libmount -I/usr/include/blkid -I/usr/include/gio-unix-2.0/ -I/usr/include/libdrm -I/usr/include/atk-1.0 -I/usr/include/at-spi2-atk/2.0 -I/usr/include/at-spi-2.0 -I/usr/include/dbus-1.0 -I/usr/lib64/dbus-1.0/include -pthread '
DE_INTERLEAVER_LIBS='-lgtk-3 -lgdk-3 -lpangocairo-1.0 -lpango-1.0 -latk-1.0 -lcairo-gobject -lcairo -lgdk_pixbuf-2.0 -lgio-2.0 -lgobject-2.0 -lglib-2.0 -lsndfile '
ECHO_C=''
ECHO_N='-n'
ECHO_T=''
EXEEXT=''
INSTALL_DATA='${INSTALL} -m 644'
INSTALL_PROGRAM='${INSTALL}'
INSTALL_SCRIPT='${INSTALL}'
INSTALL_STRIP_PROGRAM='$(install_sh) -c -s'
LDFLAGS=''
LIBOBJS=''
LIBS=''
LTLIBOBJS=''
MAKEINFO='${SHELL} /home/hagjan/Dev/de-interleaver/missing makeinfo'
MKDIR_P='/usr/bin/mkdir -p'
OBJEXT='o'
PACKAGE='de-interleaver'
PACKAGE_BUGREPORT='hagjan@protonmail.com'
PACKAGE_NAME='De-Interleaver'
PACKAGE_STRING='De-Interleaver 1'
PACKAGE_TARNAME='de-interleaver'
PACKAGE_URL=''
PACKAGE_VERSION='1'
PATH_SEPARATOR=':'
PKG_CONFIG='/usr/bin/pkg-config'
PKG_CONFIG_LIBDIR=''
PKG_CONFIG_PATH=''
SET_MAKE=''
SHELL='/bin/sh'
STRIP=''
VERSION='1'
ac_ct_CC='gcc'
am__EXEEXT_FALSE=''
am__EXEEXT_TRUE='#'
am__fastdepCC_FALSE='#'
am__fastdepCC_TRUE=''
am__include='include'
am__isrc=''
am__leading_dot='.'
am__nodep='_no'
am__quote=''
am__tar='$${TAR-tar} chof - "$$tardir"'
am__untar='$${TAR-tar} xf -'
bindir='${exec_prefix}/bin'
build_alias=''
datadir='${datarootdir}'
datarootdir='${prefix}/share'
docdir='${datarootdir}/doc/${PACKAGE_TARNAME}'
dvidir='${docdir}'
exec_prefix='${prefix}'
host_alias=''
htmldir='${docdir}'
includedir='${prefix}/include'
infodir='${datarootdir}/info'
install_sh='${SHELL} /home/hagjan/Dev/de-interleaver/install-sh'
libdir='${exec_prefix}/lib'
libexecdir='${exec_prefix}/libexec'
localedir='${datarootdir}/locale'
localstatedir='${prefix}/var'
mandir='${datarootdir}/man'
mkdir_p='$(MKDIR_P)'
oldincludedir='/usr/include'
pdfdir='${docdir}'
prefix='/usr/local'
program_transform_name='s,x,x,'
psdir='${docdir}'
sbindir='${exec_prefix}/sbin'
sharedstatedir='${prefix}/com'
sysconfdir='${prefix}/etc'
target_alias=''

## ----------- ##
## confdefs.h. ##
## ----------- ##

/* confdefs.h */
#define PACKAGE_NAME "De-Interleaver"
#define PACKAGE_TARNAME "de-interleaver"
#define PACKAGE_VERSION "1"
#define PACKAGE_STRING "De-Interleaver 1"
#define PACKAGE_BUGREPORT "hagjan@protonmail.com"
#define PACKAGE_URL ""
#define PACKAGE "de-interleaver"
#define VERSION "1"

configure: exit 0
